c:\users\letsd\visual studio workspace\gameprojects\brickbreaker\brickbreaker\x64\release\vc143.pdb
c:\users\letsd\visual studio workspace\gameprojects\brickbreaker\brickbreaker\x64\release\paddle.obj
c:\users\letsd\visual studio workspace\gameprojects\brickbreaker\brickbreaker\x64\release\menuscene.obj
c:\users\letsd\visual studio workspace\gameprojects\brickbreaker\brickbreaker\x64\release\mainscene.obj
c:\users\letsd\visual studio workspace\gameprojects\brickbreaker\brickbreaker\x64\release\main.obj
c:\users\letsd\visual studio workspace\gameprojects\brickbreaker\brickbreaker\x64\release\gamemanager.obj
c:\users\letsd\visual studio workspace\gameprojects\brickbreaker\brickbreaker\x64\release\ball.obj
c:\users\letsd\visual studio workspace\gameprojects\brickbreaker\x64\release\brickbreaker.exe
c:\users\letsd\visual studio workspace\gameprojects\brickbreaker\x64\release\brickbreaker.pdb
c:\users\letsd\visual studio workspace\gameprojects\brickbreaker\x64\release\brickbreaker.lib
c:\users\letsd\visual studio workspace\gameprojects\brickbreaker\x64\release\brickbreaker.exp
c:\users\letsd\visual studio workspace\gameprojects\brickbreaker\brickbreaker\x64\release\brickbreaker.ipdb
c:\users\letsd\visual studio workspace\gameprojects\brickbreaker\brickbreaker\x64\release\brickbreaker.iobj
c:\users\letsd\visual studio workspace\gameprojects\brickbreaker\brickbreaker\x64\release\brickbreaker.tlog\cl.command.1.tlog
c:\users\letsd\visual studio workspace\gameprojects\brickbreaker\brickbreaker\x64\release\brickbreaker.tlog\cl.items.tlog
c:\users\letsd\visual studio workspace\gameprojects\brickbreaker\brickbreaker\x64\release\brickbreaker.tlog\cl.read.1.tlog
c:\users\letsd\visual studio workspace\gameprojects\brickbreaker\brickbreaker\x64\release\brickbreaker.tlog\cl.write.1.tlog
c:\users\letsd\visual studio workspace\gameprojects\brickbreaker\brickbreaker\x64\release\brickbreaker.tlog\link.command.1.tlog
c:\users\letsd\visual studio workspace\gameprojects\brickbreaker\brickbreaker\x64\release\brickbreaker.tlog\link.read.1.tlog
c:\users\letsd\visual studio workspace\gameprojects\brickbreaker\brickbreaker\x64\release\brickbreaker.tlog\link.secondary.1.tlog
c:\users\letsd\visual studio workspace\gameprojects\brickbreaker\brickbreaker\x64\release\brickbreaker.tlog\link.write.1.tlog
